24-11-2021 11:02:51 INFO  com.cov.service.EmployeeService:24 - finding all employees
24-11-2021 11:02:51 INFO  com.cov.service.DepartmentService:24 - finding all departments
24-11-2021 11:02:52 INFO  com.cov.service.DepartmentService:24 - finding all departments
24-11-2021 11:02:54 INFO  com.cov.service.EmployeeService:31 - finding employee with id: 3
24-11-2021 11:02:54 WARN  com.cov.service.EmployeeService:34 - com.cov.exception.InvalidEmployeeIdException: Employee id not found
24-11-2021 11:02:54 INFO  com.cov.service.EmployeeService:39 - employee found with id 3isLavanya
24-11-2021 11:02:55 INFO  com.cov.service.DepartmentService:24 - finding all departments
24-11-2021 11:02:59 INFO  com.cov.service.EmployeeService:54 - updating employee 
24-11-2021 11:02:59 WARN  com.cov.service.EmployeeService:57 - com.cov.exception.InvalidEmployeeIdException: Person id not found
24-11-2021 11:02:59 INFO  com.cov.service.EmployeeService:61 - employee updated isLavanya
24-11-2021 11:02:59 INFO  com.cov.service.EmployeeService:24 - finding all employees
24-11-2021 11:02:59 INFO  com.cov.service.DepartmentService:24 - finding all departments
24-11-2021 11:02:59 INFO  com.cov.service.DepartmentService:24 - finding all departments
24-11-2021 11:03:04 INFO  com.cov.service.DepartmentService:24 - finding all departments
24-11-2021 11:03:10 INFO  com.cov.service.EmployeeService:46 - inserting a employee
24-11-2021 11:03:10 WARN  com.cov.service.EmployeeService:48 - com.cov.exception.InvalidEmployeeIdException: Employee id not found
24-11-2021 11:03:11 INFO  com.cov.service.EmployeeService:24 - finding all employees
24-11-2021 12:18:24 INFO  com.cov.service.DepartmentService:24 - finding all departments
24-11-2021 12:18:40 INFO  com.cov.service.EmployeeService:24 - finding all employees
24-11-2021 12:39:06 INFO  com.cov.service.EmployeeService:24 - finding all employees
24-11-2021 12:59:27 INFO  com.cov.service.EmployeeService:24 - finding all employees
24-11-2021 12:59:41 INFO  com.cov.service.EmployeeService:24 - finding all employees
24-11-2021 13:07:03 INFO  com.cov.controller.DepartmentController:39 - finding all departments
24-11-2021 13:07:03 INFO  com.cov.service.DepartmentService:24 - finding all departments
24-11-2021 13:07:13 INFO  com.cov.controller.DepartmentController:31 - finding a employee with id 1
24-11-2021 13:07:13 INFO  com.cov.service.DepartmentService:31 - finding employee with id: 1
24-11-2021 13:07:13 WARN  com.cov.service.DepartmentService:34 - com.cov.exception.InvalidDepartmentIdException: Employee id not found
24-11-2021 13:07:13 INFO  com.cov.service.DepartmentService:39 - department found with id 1isJava
24-11-2021 13:07:13 INFO  com.cov.controller.DepartmentController:33 - employee found with id 1 isJava
24-11-2021 13:07:32 INFO  com.cov.controller.DepartmentController:39 - finding all departments
24-11-2021 13:07:32 INFO  com.cov.service.DepartmentService:24 - finding all departments
24-11-2021 13:07:37 INFO  com.cov.controller.DepartmentController:39 - finding all departments
24-11-2021 13:07:37 INFO  com.cov.service.DepartmentService:24 - finding all departments
24-11-2021 13:09:53 INFO  com.cov.controller.EmployeeController:36 - finding all employees
24-11-2021 13:09:53 INFO  com.cov.service.EmployeeService:24 - finding all employees
24-11-2021 13:09:59 INFO  com.cov.controller.EmployeeController:36 - finding all employees
24-11-2021 13:09:59 INFO  com.cov.service.EmployeeService:24 - finding all employees
24-11-2021 13:11:54 INFO  com.cov.controller.EmployeeController:54 - deleting a employee with id 1
24-11-2021 13:11:54 INFO  com.cov.service.EmployeeService:66 - deleting employee with id 1
24-11-2021 13:11:54 WARN  com.cov.service.EmployeeService:69 - com.cov.exception.InvalidEmployeeIdException: Person id not found
24-11-2021 13:12:18 INFO  com.cov.controller.DepartmentController:39 - finding all departments
24-11-2021 13:12:18 INFO  com.cov.service.DepartmentService:24 - finding all departments
24-11-2021 13:12:37 INFO  com.cov.controller.DepartmentController:57 - deleting a department with id 1
24-11-2021 13:12:37 INFO  com.cov.service.DepartmentService:67 - deleting department with id 1
24-11-2021 13:12:37 WARN  com.cov.service.DepartmentService:70 - com.cov.exception.InvalidDepartmentIdException: Department id not found
24-11-2021 13:18:55 INFO  com.cov.controller.EmployeeController:36 - finding all employees
24-11-2021 13:18:55 INFO  com.cov.service.EmployeeService:24 - finding all employees
24-11-2021 13:19:04 INFO  com.cov.controller.EmployeeController:28 - finding a employee with id 1
24-11-2021 13:19:04 INFO  com.cov.service.EmployeeService:31 - finding employee with id: 1
24-11-2021 13:19:04 WARN  com.cov.service.EmployeeService:34 - com.cov.exception.InvalidEmployeeIdException: Employee id not found
24-11-2021 13:19:08 INFO  com.cov.controller.EmployeeController:28 - finding a employee with id 3
24-11-2021 13:19:08 INFO  com.cov.service.EmployeeService:31 - finding employee with id: 3
24-11-2021 13:19:08 WARN  com.cov.service.EmployeeService:34 - com.cov.exception.InvalidEmployeeIdException: Employee id not found
24-11-2021 13:19:08 INFO  com.cov.service.EmployeeService:39 - employee found with id 3isLavanya Department [id=2, name=c]
24-11-2021 13:19:08 INFO  com.cov.controller.EmployeeController:30 - employee found with id 3 isLavanya
24-11-2021 13:19:19 INFO  com.cov.controller.EmployeeController:28 - finding a employee with id 4
24-11-2021 13:19:19 INFO  com.cov.service.EmployeeService:31 - finding employee with id: 4
24-11-2021 13:19:19 WARN  com.cov.service.EmployeeService:34 - com.cov.exception.InvalidEmployeeIdException: Employee id not found
24-11-2021 13:19:19 INFO  com.cov.service.EmployeeService:39 - employee found with id 4isLavanya Department [id=2, name=c]
24-11-2021 13:19:19 INFO  com.cov.controller.EmployeeController:30 - employee found with id 4 isLavanya
24-11-2021 13:19:27 INFO  com.cov.controller.EmployeeController:54 - deleting a employee with id 4
24-11-2021 13:19:27 INFO  com.cov.service.EmployeeService:66 - deleting employee with id 4
24-11-2021 13:19:27 WARN  com.cov.service.EmployeeService:69 - com.cov.exception.InvalidEmployeeIdException: Person id not found
24-11-2021 13:19:27 INFO  com.cov.service.EmployeeService:75 - employee deleted is with id 4 Lavanya Department [id=2, name=c]
24-11-2021 13:19:30 INFO  com.cov.controller.EmployeeController:54 - deleting a employee with id 4
24-11-2021 13:19:30 INFO  com.cov.service.EmployeeService:66 - deleting employee with id 4
24-11-2021 13:19:30 WARN  com.cov.service.EmployeeService:69 - com.cov.exception.InvalidEmployeeIdException: Person id not found
24-11-2021 13:19:35 INFO  com.cov.controller.EmployeeController:36 - finding all employees
24-11-2021 13:19:35 INFO  com.cov.service.EmployeeService:24 - finding all employees
24-11-2021 13:20:06 INFO  com.cov.controller.DepartmentController:39 - finding all departments
24-11-2021 13:20:06 INFO  com.cov.service.DepartmentService:24 - finding all departments
24-11-2021 13:20:21 INFO  com.cov.controller.DepartmentController:31 - finding a employee with id 1
24-11-2021 13:20:21 INFO  com.cov.service.DepartmentService:31 - finding employee with id: 1
24-11-2021 13:20:21 WARN  com.cov.service.DepartmentService:34 - com.cov.exception.InvalidDepartmentIdException: Employee id not found
24-11-2021 13:20:21 INFO  com.cov.service.DepartmentService:39 - department found with id 1isJava
24-11-2021 13:20:21 INFO  com.cov.controller.DepartmentController:33 - employee found with id 1 isJava
24-11-2021 13:20:45 INFO  com.cov.controller.DepartmentController:31 - finding a employee with id 1
24-11-2021 13:20:45 INFO  com.cov.service.DepartmentService:31 - finding employee with id: 1
24-11-2021 13:20:45 WARN  com.cov.service.DepartmentService:34 - com.cov.exception.InvalidDepartmentIdException: Employee id not found
24-11-2021 13:20:45 INFO  com.cov.service.DepartmentService:39 - department found with id 1isJava
24-11-2021 13:20:45 INFO  com.cov.controller.DepartmentController:33 - employee found with id 1 isJava
24-11-2021 13: