22-11-2021 17:15:38 INFO  com.cov.controller.PersonController:33 - finding a person with id1
22-11-2021 17:15:38 INFO  com.cov.service.PersonService:28 - Finding person with ID:1
22-11-2021 17:15:38 DEBUG com.cov.service.PersonService:31 - Person not found with id1
22-11-2021 17:15:38 WARN  com.cov.service.PersonService:33 - com.cov.exception.InvalidPersonIdException: Person ID:1
22-11-2021 17:15:47 INFO  com.cov.controller.PersonController:33 - finding a person with id5
22-11-2021 17:15:47 INFO  com.cov.service.PersonService:28 - Finding person with ID:5
22-11-2021 17:15:47 INFO  com.cov.service.PersonService:37 - Person found with id5 is prema lav
22-11-2021 17:16:40 INFO  com.cov.controller.PersonController:33 - finding a person with id2
22-11-2021 17:16:40 INFO  com.cov.service.PersonService:28 - Finding person with ID:2
22-11-2021 17:16:40 INFO  com.cov.service.PersonService:37 - Person found with id2 is lav lavanya
22-11-2021 17:59:14 INFO  com.cov.controller.PersonController:38 - finding all persons
22-11-2021 17:59:14 INFO  com.cov.service.PersonService:20 - finding all persons
22-11-2021 17:59:18 INFO  com.cov.controller.PersonController:29 - finding a person with id 5
22-11-2021 17:59:18 INFO  com.cov.service.PersonService:25 - finding person with id: 5
22-11-2021 17:59:18 WARN  com.cov.service.PersonService:28 - com.cov.exception.InvalidPersonIdException: Person id not found
22-11-2021 17:59:18 INFO  com.cov.service.PersonService:33 - person found with id 5isprema lav
22-11-2021 17:59:18 INFO  com.cov.controller.PersonController:32 - person found with id 5 isprema lav
22-11-2021 17:59:18 INFO  com.cov.service.PersonService:25 - finding person with id: 5
22-11-2021 17:59:18 WARN  com.cov.service.PersonService:28 - com.cov.exception.InvalidPersonIdException: Person id not found
22-11-2021 17:59:18 INFO  com.cov.service.PersonService:33 - person found with id 5isprema lav
22-11-2021 17:59:29 INFO  com.cov.controller.PersonController:29 - finding a person with id 6
22-11-2021 17:59:29 INFO  com.cov.service.PersonService:25 - finding person with id: 6
22-11-2021 17:59:29 WARN  com.cov.service.PersonService:28 - com.cov.exception.InvalidPersonIdException: Person id not found
22-11-2021 19:21:34 INFO  com.cov.controller.PersonController:38 - finding all persons
22-11-2021 19:21:34 INFO  com.cov.service.PersonService:20 - finding all persons
22-11-2021 19:22:14 INFO  com.cov.controller.PersonController:52 - editing a person with prema lav
22-11-2021 19:22:14 INFO  com.cov.service.PersonService:45 - updating person 
22-11-2021 19:22:14 WARN  com.cov.service.PersonService:48 - com.cov.exception.InvalidPersonIdException: Person id not found
22-11-2021 19:22:14 INFO  com.cov.service.PersonService:52 - person updated isprema lav
22-11-2021 19:22:23 INFO  com.cov.controller.PersonController:52 - editing a person with premaaaaa lavvvv
22-11-2021 19:22:23 INFO  com.cov.service.PersonService:45 - updating person 
22-11-2021 19:22:23 WARN  com.cov.service.PersonService:48 - com.cov.exception.InvalidPersonIdException: Person id not found
22-11-2021 19:22:23 INFO  com.cov.service.PersonService:52 - person updated ispremaaaaa lavvvv
22-11-2021 19:22:30 INFO  com.cov.controller.PersonController:38 - finding all persons
22-11-2021 19:22:30 INFO  com.cov.service.PersonService:20 - finding all persons
22-11-2021 19:22:35 INFO  com.cov.controller.PersonController:29 - finding a person with id 5
22-11-2021 19:22:35 INFO  com.cov.service.PersonService:25 - finding person with id: 5
22-11-2021 19:22:35 WARN  com.cov.service.PersonService:28 - com.cov.exception.InvalidPersonIdException: Person id not found
22-11-2021 19:22:35 INFO  com.cov.service.PersonService:33 - person found with id 5ispremaaaaa lavvvv
22-11-2021 19:22:35 INFO  com.cov.controller.PersonController:32 - person found with id 5 ispremaaaaa lavvvv
22-11-2021 19:22:35 INFO  com.cov.service.PersonService:25 - finding person with id: 5
22-11-2021 19:22:35 WARN  com.cov.service.PersonService:28 - com.cov.exception.InvalidPersonIdException: Person id not found
22-11-2021 19:22:35 INFO  com.cov.service.PersonService:33 - person found with id 5ispremaaaaa lavvvv
22-11-2021 19:22:41 INFO  com.cov.controller.PersonController:59 - deleting a person with id 5
22-11-2021 19:22:41 INFO  com.cov.service.PersonService:57 - deleting person with id 5
22-11-2021 19:22:41 WARN  com.cov.service.PersonService:60 - com.cov.exception.InvalidPersonIdException: Person id not found
22-11-2021 19:22:41 INFO  com.cov.service.PersonService:66 - person deleted is with id 5 premaaaaa lavvvv
22-11-2021 19:22:47 INFO  com.cov.controller.PersonController:29 - finding a person with id 5
22-11-2021 19:22:47 INFO  com.cov.service.PersonService:25 - finding person with id: 5
22-11-2021 19:22:47 WARN  com.cov.service.PersonService:28 - com.cov.exception.InvalidPersonIdException: Person id not found
22-11-2021 19:22:52 INFO  com.cov.controller.PersonController:38 - finding all persons
22-11-2021 19:22:52 INFO  com.cov.service.PersonService:20 - finding all persons
